#
# There is insufficient memory for the Java Runtime Environment to continue.
# Native memory allocation (malloc) failed to allocate 1179696 bytes for Chunk::new
# Possible reasons:
#   The system is out of physical RAM or swap space
#   The process is running with CompressedOops enabled, and the Java Heap may be blocking the growth of the native heap
# Possible solutions:
#   Reduce memory load on the system
#   Increase physical memory or swap space
#   Check if swap backing store is full
#   Decrease Java heap size (-Xmx/-Xms)
#   Decrease number of Java threads
#   Decrease Java thread stack sizes (-Xss)
#   Set larger code cache with -XX:ReservedCodeCacheSize=
#   JVM is running with Unscaled Compressed Oops mode in which the Java heap is
#     placed in the first 4GB address space. The Java Heap base address is the
#     maximum limit for the native heap growth. Please use -XX:HeapBaseMinAddress
#     to set the Java Heap base and to place the Java Heap above 4GB virtual address.
# This output file may be truncated or incomplete.
#
#  Out of Memory Error (allocation.cpp:389), pid=19432, tid=0x00000000000003dc
#
# JRE version: OpenJDK Runtime Environment (8.0_202-b03) (build 1.8.0_202-release-1483-b03)
# Java VM: OpenJDK 64-Bit Server VM (25.202-b03 mixed mode windows-amd64 compressed oops)
# Failed to write core dump. Minidumps are not enabled by default on client versions of Windows
#

---------------  T H R E A D  ---------------

Current thread (0x0000000018db3000):  JavaThread "C2 CompilerThread1" daemon [_thread_in_native, id=988, stack(0x0000000019630000,0x0000000019730000)]

Stack: [0x0000000019630000,0x0000000019730000]
[error occurred during error reporting (printing stack bounds), id 0xc0000005]

Native frames: (J=compiled Java code, j=interpreted, Vv=VM code, C=native code)


Current CompileTask:
C2:4257880 35533   !   4       com.sun.tools.javac.comp.Check$CycleChecker::checkSymbol (138 bytes)


---------------  P R O C E S S  ---------------

Java Threads: ( => current thread )
  0x000000001eb03000 JavaThread "Cache worker for Java compile cache (D:\andwork\PBL2Shoppingmall\.gradle\5.4.1\javaCompile)" [_thread_blocked, id=13256, stack(0x0000000067370000,0x0000000067470000)]
  0x000000001e44e000 JavaThread "RMI TCP Connection(51)-127.0.0.1" daemon [_thread_in_native, id=16356, stack(0x0000000067270000,0x0000000067370000)]
  0x000000001e44c800 JavaThread "RMI TCP Connection(52)-127.0.0.1" daemon [_thread_in_native, id=9340, stack(0x0000000067170000,0x0000000067270000)]
  0x000000001e448800 JavaThread "RMI TCP Connection(50)-127.0.0.1" daemon [_thread_in_native, id=20456, stack(0x0000000067070000,0x0000000067170000)]
  0x000000001e44b800 JavaThread "RMI TCP Connection(49)-127.0.0.1" daemon [_thread_in_native, id=6400, stack(0x0000000066f70000,0x0000000067070000)]
  0x000000001e44b000 JavaThread "RMI TCP Connection(47)-127.0.0.1" daemon [_thread_in_native, id=12100, stack(0x0000000066e70000,0x0000000066f70000)]
  0x000000001e44f800 JavaThread "WorkerExecutor Queue Thread 2" [_thread_blocked, id=7928, stack(0x0000000066c70000,0x0000000066d70000)]
  0x000000001e446800 JavaThread "stdout" [_thread_in_native, id=19560, stack(0x0000000066b70000,0x0000000066c70000)]
  0x000000001e442800 JavaThread "stderr" [_thread_in_native, id=14720, stack(0x0000000066a70000,0x0000000066b70000)]
  0x000000002157d000 JavaThread "pool-45-thread-1" [_thread_blocked, id=2968, stack(0x0000000066970000,0x0000000066a70000)]
  0x0000000021581800 JavaThread "WorkerExecutor Queue" [_thread_blocked, id=1996, stack(0x0000000066870000,0x0000000066970000)]
  0x0000000021582800 JavaThread "Cache worker for execution history cache (D:\andwork\PBL2Shoppingmall\.gradle\5.4.1\executionHistory)" [_thread_blocked, id=10036, stack(0x0000000066770000,0x0000000066870000)]
  0x0000000021580000 JavaThread "Execution worker for ':' Thread 7" [_thread_blocked, id=13676, stack(0x0000000066670000,0x0000000066770000)]
  0x000000002157f800 JavaThread "Execution worker for ':' Thread 6" [_thread_blocked, id=10588, stack(0x0000000066570000,0x0000000066670000)]
  0x000000002157e000 JavaThread "Execution worker for ':' Thread 5" [_thread_blocked, id=128, stack(0x0000000066470000,0x0000000066570000)]
  0x0000000021575800 JavaThread "Execution worker for ':' Thread 4" [_thread_in_native, id=10428, stack(0x0000000066370000,0x0000000066470000)]
  0x000000002157c800 JavaThread "Execution worker for ':' Thread 3" [_thread_blocked, id=12516, stack(0x0000000066270000,0x0000000066370000)]
  0x000000002157b800 JavaThread "Execution worker for ':' Thread 2" [_thread_blocked, id=10932, stack(0x0000000066170000,0x0000000066270000)]
  0x0000000021578000 JavaThread "Execution worker for ':'" [_thread_blocked, id=12636, stack(0x0000000066070000,0x0000000066170000)]
  0x0000000018f01000 JavaThread "Cache worker for file content cache (D:\andwork\PBL2Shoppingmall\.gradle\5.4.1\fileContent)" [_thread_blocked, id=12592, stack(0x0000000065f70000,0x0000000066070000)]
  0x0000000018f02800 JavaThread "Cache worker for Build Output Cleanup Cache (D:\andwork\PBL2Shoppingmall\.gradle\buildOutputCleanup)" [_thread_blocked, id=900, stack(0x0000000065e70000,0x0000000065f70000)]
  0x0000000018f00800 JavaThread "pool-44-thread-1" [_thread_blocked, id=13756, stack(0x0000000065d70000,0x0000000065e70000)]
  0x0000000018eff800 JavaThread "Build operations Thread 8" [_thread_blocked, id=10836, stack(0x0000000065c70000,0x0000000065d70000)]
  0x0000000018ef8000 JavaThread "Build operations Thread 7" [_thread_blocked, id=16244, stack(0x0000000065b70000,0x0000000065c70000)]
  0x0000000018eff000 JavaThread "Build operations Thread 6" [_thread_blocked, id=7376, stack(0x0000000065a70000,0x0000000065b70000)]
  0x0000000018ef7800 JavaThread "Build operations Thread 5" [_thread_blocked, id=13188, stack(0x0000000065970000,0x0000000065a70000)]
  0x0000000018efe000 JavaThread "Build operations Thread 4" [_thread_blocked, id=6624, stack(0x0000000065870000,0x0000000065970000)]
  0x0000000018ef6800 JavaThread "Build operations Thread 3" [_thread_blocked, id=7800, stack(0x0000000065770000,0x0000000065870000)]
  0x0000000018ef6000 JavaThread "Build operations Thread 2" [_thread_blocked, id=4568, stack(0x0000000065670000,0x0000000065770000)]
  0x0000000018ef9000 JavaThread "Build operations" [_thread_blocked, id=21344, stack(0x0000000065570000,0x0000000065670000)]
  0x0000000018ef5000 JavaThread "Cache worker for cache directory md-rule (C:\Users\jun\.gradle\caches\5.4.1\md-rule)" [_thread_blocked, id=17228, stack(0x0000000065470000,0x0000000065570000)]
  0x0000000018ef9800 JavaThread "Cache worker for cache directory md-supplier (C:\Users\jun\.gradle\caches\5.4.1\md-supplier)" [_thread_blocked, id=19648, stack(0x0000000065370000,0x0000000065470000)]
  0x0000000018efc000 JavaThread "Cache worker for file hash cache (D:\andwork\PBL2Shoppingmall\.gradle\5.4.1\fileHashes)" [_thread_blocked, id=6756, stack(0x0000000065270000,0x0000000065370000)]
  0x000000001cafb000 JavaThread "Thread-585" [_thread_blocked, id=19140, stack(0x0000000065170000,0x0000000065270000)]
  0x000000001caf8000 JavaThread "Stdin handler" [_thread_blocked, id=17252, stack(0x0000000065070000,0x0000000065170000)]
  0x000000001caf9800 JavaThread "Asynchronous log dispatcher for DefaultDaemonConnection: socket connection from /127.0.0.1:49546 to /127.0.0.1:57699" [_thread_blocked, id=7536, stack(0x0000000064f70000,0x0000000065070000)]
  0x000000001caf0800 JavaThread "Daemon worker Thread 13" [_thread_blocked, id=21108, stack(0x0000000064e70000,0x0000000064f70000)]
  0x000000001caf7800 JavaThread "Cancel handler" [_thread_blocked, id=11188, stack(0x0000000064d70000,0x0000000064e70000)]
  0x000000001caf3800 JavaThread "Handler for socket connection from /127.0.0.1:49546 to /127.0.0.1:57699" [_thread_in_native, id=20424, stack(0x0000000064c70000,0x0000000064d70000)]
  0x000000001caf2000 JavaThread "Daemon Thread 13" [_thread_blocked, id=2444, stack(0x0000000064b70000,0x0000000064c70000)]
  0x000000001caf4800 JavaThread "RMI TCP Connection(48)-127.0.0.1" daemon [_thread_in_native, id=5676, stack(0x0000000064a70000,0x0000000064b70000)]
  0x000000001cafd800 JavaThread "Cache worker for Java compile cache (C:\Users\jun\.gradle\caches\5.4.1\javaCompile)" [_thread_blocked, id=20156, stack(0x000000002f520000,0x000000002f620000)]
  0x000000001caff000 JavaThread "RMI Reaper" [_thread_blocked, id=2872, stack(0x000000002f320000,0x000000002f420000)]
  0x000000001cafc000 JavaThread "RMI TCP Accept-0" daemon [_thread_in_native, id=10628, stack(0x000000002f220000,0x000000002f320000)]
  0x000000001cafa800 JavaThread "GC Daemon" daemon [_thread_blocked, id=16272, stack(0x000000002f120000,0x000000002f220000)]
  0x000000001cafe000 JavaThread "RMI Scheduler(0)" daemon [_thread_blocked, id=7644, stack(0x000000002ef20000,0x000000002f020000)]
  0x000000001eb0a000 JavaThread "MarlinRenderer Disposer" daemon [_thread_blocked, id=19032, stack(0x000000002db20000,0x000000002dc20000)]
  0x000000001eb08800 JavaThread "Java2D Disposer" daemon [_thread_blocked, id=15136, stack(0x000000002da20000,0x000000002db20000)]
  0x0000000021577000 JavaThread "Cache worker for file content cache (C:\Users\jun\.gradle\caches\5.4.1\fileContent)" [_thread_blocked, id=12780, stack(0x000000002c720000,0x000000002c820000)]
  0x000000001e450000 JavaThread "Memory manager" [_thread_blocked, id=2980, stack(0x00000000249e0000,0x0000000024ae0000)]
  0x000000001e445000 JavaThread "Cache worker for execution history cache (C:\Users\jun\.gradle\caches\5.4.1\executionHistory)" [_thread_blocked, id=18288, stack(0x0000000022860000,0x0000000022960000)]
  0x0000000019b4e800 JavaThread "Cache worker for journal cache (C:\Users\jun\.gradle\caches\journal-1)" [_thread_blocked, id=13380, stack(0x000000001d4d0000,0x000000001d5d0000)]
  0x0000000019b48800 JavaThread "File lock request listener" [_thread_in_native, id=15808, stack(0x000000001d3d0000,0x000000001d4d0000)]
  0x000000001b17c000 JavaThread "Cache worker for file hash cache (C:\Users\jun\.gradle\caches\5.4.1\fileHashes)" [_thread_blocked, id=12028, stack(0x000000001d2d0000,0x000000001d3d0000)]
  0x0000000019d53800 JavaThread "Daemon periodic checks" [_thread_blocked, id=13296, stack(0x000000001b800000,0x000000001b900000)]
  0x000000001adbe800 JavaThread "Incoming local TCP Connector on port 49546" [_thread_in_native, id=896, stack(0x000000001b620000,0x000000001b720000)]
  0x000000001af76800 JavaThread "Daemon health stats" [_thread_blocked, id=8336, stack(0x000000001b300000,0x000000001b400000)]
  0x0000000018e4a800 JavaThread "Service Thread" daemon [_thread_blocked, id=8844, stack(0x0000000019930000,0x0000000019a30000)]
  0x0000000018db9000 JavaThread "C1 CompilerThread3" daemon [_thread_blocked, id=7972, stack(0x0000000019830000,0x0000000019930000)]
  0x0000000018db5000 JavaThread "C2 CompilerThread2" daemon [_thread_blocked, id=9472, stack(0x0000000019730000,0x0000000019830000)]
=>0x0000000018db3000 JavaThread "C2 CompilerThread1" daemon [_thread_in_native, id=988, stack(0x0000000019630000,0x0000000019730000)]
  0x0000000018dad000 JavaThread "C2 CompilerThread0" daemon [_thread_in_native, id=20048, stack(0x0000000019530000,0x0000000019630000)]
  0x0000000018dab000 JavaThread "Attach Listener" daemon [_thread_blocked, id=12740, stack(0x0000000019430000,0x0000000019530000)]
  0x0000000018d58000 JavaThread "Signal Dispatcher" daemon [_thread_blocked, id=10892, stack(0x0000000019330000,0x0000000019430000)]
  0x0000000003098800 JavaThread "Finalizer" daemon [_thread_blocked, id=19060, stack(0x0000000019220000,0x0000000019320000)]
  0x0000000016f1c800 JavaThread "Reference Handler" daemon [_thread_blocked, id=15740, stack(0x0000000019120000,0x0000000019220000)]
  0x000000000315d800 JavaThread "main" [_thread_blocked, id=5668, stack(0x0000000001380000,0x0000000001480000)]

Other Threads:
  0x0000000016f18000 VMThread [stack: 0x0000000018c20000,0x0000000018d20000] [id=12724]
  0x0000000018de6800 WatcherThread [stack: 0x0000000019a30000,0x0000000019b30000] [id=12852]

VM state:not at safepoint (normal execution)

VM Mutex/Monitor currently owned by a thread: None

heap address: 0x00000000a0000000, size: 1536 MB, Compressed Oops mode: 32-bit
Narrow klass base: 0x0000000000000000, Narrow klass shift: 3
Compressed class space size: 1073741824 Address: 0x0000000100000000

Heap:
 PSYoungGen      total 432128K, used 120154K [0x00000000e0000000, 0x00000000ff680000, 0x0000000100000000)
  eden space 357888K, 28% used [0x00000000e0000000,0x00000000e6424f70,0x00000000f5d80000)
  from space 74240K, 23% used [0x00000000f5d80000,0x00000000f6eb1a38,0x00000000fa600000)
  to   space 72704K, 0% used [0x00000000faf80000,0x00000000faf80000,0x00000000ff680000)
 ParOldGen       total 329728K, used 75921K [0x00000000a0000000, 0x00000000b4200000, 0x00000000e0000000)
  object space 329728K, 23% used [0x00000000a0000000,0x00000000a4a24540,0x00000000b4200000)
 Metaspace       used 132117K, capacity 140122K, committed 143636K, reserved 1175552K
  class space    used 16533K, capacity 17923K, committed 18492K, reserved 1048576K

Card table byte_map: [0x0000000012520000,0x0000000012830000] byte_map_base: 0x0000000012020000

Marking Bits: (ParMarkBitMap*) 0x0000000071ae9f30
 Begin Bits: [0x0000000013230000, 0x0000000014a30000)
 End Bits:   [0x0000000014a30000, 0x0000000016230000)

Polling page: 0x0000000001480000

CodeCache: size=245760Kb used=95667Kb max_used=95678Kb free=150092Kb
 bounds [0x0000000003160000, 0x0000000008f70000, 0x0000000012160000]
 total_blobs=26358 nmethods=25298 adapters=969
 compilation: enabled

Compilation events (10 events):
Event: 4257.758 Thread 0x0000000018db9000 nmethod 35543 0x0000000008f4ccd0 code [0x0000000008f4ce40, 0x0000000008f4d048]
Event: 4257.760 Thread 0x0000000018db9000 35544       3       com.sun.tools.javac.util.JCDiagnostic$Factory::instance (26 bytes)
Event: 4257.761 Thread 0x0000000018db9000 nmethod 35544 0x0000000008f32d90 code [0x0000000008f32f20, 0x0000000008f33278]
Event: 4257.788 Thread 0x0000000018db5000 nmethod 35541 0x0000000008f50ed0 code [0x0000000008f511c0, 0x0000000008f51fb0]
Event: 4257.788 Thread 0x0000000018db5000 35546       4       com.sun.tools.javac.tree.JCTree$JCNewArray::accept (6 bytes)
Event: 4257.789 Thread 0x0000000018db5000 nmethod 35546 0x0000000007784a90 code [0x0000000007784bc0, 0x0000000007784c38]
Event: 4257.789 Thread 0x0000000018db5000 35545       4       com.sun.tools.javac.tree.TreeScanner::visitApply (25 bytes)
Event: 4257.795 Thread 0x0000000018db5000 nmethod 35545 0x0000000008f32750 code [0x0000000008f328a0, 0x0000000008f32a98]
Event: 4257.795 Thread 0x0000000018db5000 35539       4       com.sun.tools.javac.code.SymbolMetadata::setDeclarationAttributes (40 bytes)
Event: 4257.797 Thread 0x0000000018db5000 nmethod 35539 0x0000000008f3a950 code [0x0000000008f3aaa0, 0x0000000008f3ab78]

GC Heap History (10 events):
Event: 3667.454 GC heap before
{Heap before GC invocations=64 (full 6):
 PSYoungGen      total 438784K, used 391717K [0x00000000e0000000, 0x0000000100000000, 0x0000000100000000)
  eden space 353280K, 100% used [0x00000000e0000000,0x00000000f5900000,0x00000000f5900000)
  from space 85504K, 44% used [0x00000000f5900000,0x00000000f7e896e8,0x00000000fac80000)
  to   space 81920K, 0% used [0x00000000fb000000,0x00000000fb000000,0x0000000100000000)
 ParOldGen       total 329728K, used 266299K [0x00000000a0000000, 0x00000000b4200000, 0x00000000e0000000)
  object space 329728K, 80% used [0x00000000a0000000,0x00000000b040ec88,0x00000000b4200000)
 Metaspace       used 134456K, capacity 142890K, committed 143124K, reserved 1173504K
  class space    used 16882K, capacity 18386K, committed 18492K, reserved 1048576K
Event: 3667.523 GC heap after
Heap after GC invocations=64 (full 6):
 PSYoungGen      total 431104K, used 40405K [0x00000000e0000000, 0x00000000ff880000, 0x0000000100000000)
  eden space 356864K, 0% used [0x00000000e0000000,0x00000000e0000000,0x00000000f5c80000)
  from space 74240K, 54% used [0x00000000fb000000,0x00000000fd775728,0x00000000ff880000)
  to   space 79872K, 0% used [0x00000000f5c80000,0x00000000f5c80000,0x00000000faa80000)
 ParOldGen       total 329728K, used 266307K [0x00000000a0000000, 0x00000000b4200000, 0x00000000e0000000)
  object space 329728K, 80% used [0x00000000a0000000,0x00000000b0410c88,0x00000000b4200000)
 Metaspace       used 134456K, capacity 142890K, committed 143124K, reserved 1173504K
  class space    used 16882K, capacity 18386K, committed 18492K, reserved 1048576K
}
Event: 3768.144 GC heap before
{Heap before GC invocations=65 (full 6):
 PSYoungGen      total 431104K, used 250391K [0x00000000e0000000, 0x00000000ff880000, 0x0000000100000000)
  eden space 356864K, 58% used [0x00000000e0000000,0x00000000ecd104e8,0x00000000f5c80000)
  from space 74240K, 54% used [0x00000000fb000000,0x00000000fd775728,0x00000000ff880000)
  to   space 79872K, 0% used [0x00000000f5c80000,0x00000000f5c80000,0x00000000faa80000)
 ParOldGen       total 329728K, used 266307K [0x00000000a0000000, 0x00000000b4200000, 0x00000000e0000000)
  object space 329728K, 80% used [0x00000000a0000000,0x00000000b0410c88,0x00000000b4200000)
 Metaspace       used 134784K, capacity 143362K, committed 143636K, reserved 1175552K
  class space    used 16919K, capacity 18454K, committed 18492K, reserved 1048576K
Event: 3768.183 GC heap after
Heap after GC invocations=65 (full 6):
 PSYoungGen      total 390144K, used 33157K [0x00000000e0000000, 0x00000000fef80000, 0x0000000100000000)
  eden space 356864K, 0% used [0x00000000e0000000,0x00000000e0000000,0x00000000f5c80000)
  from space 33280K, 99% used [0x00000000f5c80000,0x00000000f7ce16d8,0x00000000f7d00000)
  to   space 75264K, 0% used [0x00000000fa600000,0x00000000fa600000,0x00000000fef80000)
 ParOldGen       total 329728K, used 266307K [0x00000000a0000000, 0x00000000b4200000, 0x00000000e0000000)
  object space 329728K, 80% used [0x00000000a0000000,0x00000000b0410c88,0x00000000b4200000)
 Metaspace       used 134784K, capacity 143362K, committed 143636K, reserved 1175552K
  class space    used 16919K, capacity 18454K, committed 18492K, reserved 1048576K
}
Event: 3768.184 GC heap before
{Heap before GC invocations=66 (full 7):
 PSYoungGen      total 390144K, used 33157K [0x00000000e0000000, 0x00000000fef80000, 0x0000000100000000)
  eden space 356864K, 0% used [0x00000000e0000000,0x00000000e0000000,0x00000000f5c80000)
  from space 33280K, 99% used [0x00000000f5c80000,0x00000000f7ce16d8,0x00000000f7d00000)
  to   space 75264K, 0% used [0x00000000fa600000,0x00000000fa600000,0x00000000fef80000)
 ParOldGen       total 329728K, used 266307K [0x00000000a0000000, 0x00000000b4200000, 0x00000000e0000000)
  object space 329728K, 80% used [0x00000000a0000000,0x00000000b0410c88,0x00000000b4200000)
 Metaspace       used 134784K, capacity 143362K, committed 143636K, reserved 1175552K
  class space    used 16919K, capacity 18454K, committed 18492K, reserved 1048576K
Event: 3769.267 GC heap after
Heap after GC invocations=66 (full 7):
 PSYoungGen      total 390144K, used 0K [0x00000000e0000000, 0x00000000fef80000, 0x0000000100000000)
  eden space 356864K, 0% used [0x00000000e0000000,0x00000000e0000000,0x00000000f5c80000)
  from space 33280K, 0% used [0x00000000f5c80000,0x00000000f5c80000,0x00000000f7d00000)
  to   space 75264K, 0% used [0x00000000fa600000,0x00000000fa600000,0x00000000fef80000)
 ParOldGen       total 329728K, used 75905K [0x00000000a0000000, 0x00000000b4200000, 0x00000000e0000000)
  object space 329728K, 23% used [0x00000000a0000000,0x00000000a4a20540,0x00000000b4200000)
 Metaspace       used 131093K, capacity 138970K, committed 143636K, reserved 1175552K
  class space    used 16425K, capacity 17775K, committed 18492K, reserved 1048576K
}
Event: 4074.251 GC heap before
{Heap before GC invocations=67 (full 7):
 PSYoungGen      total 390144K, used 356864K [0x00000000e0000000, 0x00000000fef80000, 0x0000000100000000)
  eden space 356864K, 100% used [0x00000000e0000000,0x00000000f5c80000,0x00000000f5c80000)
  from space 33280K, 0% used [0x00000000f5c80000,0x00000000f5c80000,0x00000000f7d00000)
  to   space 75264K, 0% used [0x00000000fa600000,0x00000000fa600000,0x00000000fef80000)
 ParOldGen       total 329728K, used 75905K [0x00000000a0000000, 0x00000000b4200000, 0x00000000e0000000)
  object space 329728K, 23% used [0x00000000a0000000,0x00000000a4a20540,0x00000000b4200000)
 Metaspace       used 131250K, capacity 139226K, committed 143636K, reserved 1175552K
  class space    used 16443K, capacity 17807K, committed 18492K, reserved 1048576K
Event: 4074.271 GC heap after
Heap after GC invocations=67 (full 7):
 PSYoungGen      total 433152K, used 17904K [0x00000000e0000000, 0x00000000ffb00000, 0x0000000100000000)
  eden space 357888K, 0% used [0x00000000e0000000,0x00000000e0000000,0x00000000f5d80000)
  from space 75264K, 23% used [0x00000000fa600000,0x00000000fb77c040,0x00000000fef80000)
  to   space 74240K, 0% used [0x00000000f5d80000,0x00000000f5d80000,0x00000000fa600000)
 ParOldGen       total 329728K, used 75913K [0x00000000a0000000, 0x00000000b4200000, 0x00000000e0000000)
  object space 329728K, 23% used [0x00000000a0000000,0x00000000a4a22540,0x00000000b4200000)
 Metaspace       used 131250K, capacity 139226K, committed 143636K, reserved 1175552K
  class space    used 16443K, capacity 17807K, committed 18492K, reserved 1048576K
}
Event: 4255.523 GC heap before
{Heap before GC invocations=68 (full 7):
 PSYoungGen      total 433152K, used 375437K [0x00000000e0000000, 0x00000000ffb00000, 0x0000000100000000)
  eden space 357888K, 99% used [0x00000000e0000000,0x00000000f5d274d0,0x00000000f5d80000)
  from space 75264K, 23% used [0x00000000fa600000,0x00000000fb77c040,0x00000000fef80000)
  to   space 74240K, 0% used [0x00000000f5d80000,0x00000000f5d80000,0x00000000fa600000)
 ParOldGen       total 329728K, used 75913K [0x00000000a0000000, 0x00000000b4200000, 0x00000000e0000000)
  object space 329728K, 23% used [0x00000000a0000000,0x00000000a4a22540,0x00000000b4200000)
 Metaspace       used 131394K, capacity 139376K, committed 143636K, reserved 1175552K
  class space    used 16451K, capacity 17821K, committed 18492K, reserved 1048576K
Event: 4255.541 GC heap after
Heap after GC invocations=68 (full 7):
 PSYoungGen      total 432128K, used 17606K [0x00000000e0000000, 0x00000000ff680000, 0x0000000100000000)
  eden space 357888K, 0% used [0x00000000e0000000,0x00000000e0000000,0x00000000f5d80000)
  from space 74240K, 23% used [0x00000000f5d80000,0x00000000f6eb1a38,0x00000000fa600000)
  to   space 72704K, 0% used [0x00000000faf80000,0x00000000faf80000,0x00000000ff680000)
 ParOldGen       total 329728K, used 75921K [0x00000000a0000000, 0x00000000b4200000, 0x00000000e0000000)
  object space 329728K, 23% used [0x00000000a0000000,0x00000000a4a24540,0x00000000b4200000)
 Metaspace       used 131394K, capacity 139376K, committed 143636K, reserved 1175552K
  class space    used 16451K, capacity 17821K, committed 18492K, reserved 1048576K
}

Deoptimization events (10 events):
Event: 3946.455 Thread 0x000000001e44c800 Uncommon trap: reason=unstable_if action=reinterpret pc=0x0000000004b0965c method=java.lang.ref.SoftReference.get()Ljava/lang/Object; @ 6
Event: 3946.503 Thread 0x000000001e44c800 Uncommon trap: reason=unstable_if action=reinterpret pc=0x00000000033d05dc method=java.lang.ref.SoftReference.get()Ljava/lang/Object; @ 6
Event: 3946.504 Thread 0x000000001e44c800 Uncommon trap: reason=unstable_if action=reinterpret pc=0x0000000003271c14 method=java.lang.ref.SoftReference.get()Ljava/lang/Object; @ 6
Event: 3946.504 Thread 0x000000001e44c800 Uncommon trap: reason=unstable_if action=reinterpret pc=0x000000000563a4cc method=java.lang.ref.SoftReference.get()Ljava/lang/Object; @ 6
Event: 3946.620 Thread 0x000000001caf0800 Uncommon trap: reason=unstable_if action=reinterpret pc=0x00000000033a0940 method=org.gradle.internal.service.DefaultServiceRegistry$ManagedObjectServiceProvider.getInstance()Ljava/lang/Object; @ 19
Event: 4073.762 Thread 0x000000001e44e000 Uncommon trap: reason=unstable_if action=reinterpret pc=0x000000000681c968 method=org.gradle.internal.service.DefaultServiceRegistry$ManagedObjectServiceProvider.getInstance()Ljava/lang/Object; @ 19
Event: 4075.627 Thread 0x000000001e448800 Uncommon trap: reason=predicate action=maybe_recompile pc=0x000000000724a5b8 method=java.util.LinkedList.toArray([Ljava/lang/Object;)[Ljava/lang/Object; @ 45
Event: 4248.100 Thread 0x0000000021575800 Uncommon trap: reason=unstable_if action=reinterpret pc=0x000000000792c424 method=com.android.ide.common.resources.DataItem.isRemoved()Z @ 6
Event: 4255.048 Thread 0x0000000021575800 Uncommon trap: reason=class_check action=maybe_recompile pc=0x0000000007d3a0d4 method=com.google.common.collect.Iterables.isEmpty(Ljava/lang/Iterable;)Z @ 18
Event: 4255.610 Thread 0x0000000021575800 Uncommon trap: reason=predicate action=maybe_recompile pc=0x0000000008bcc2fc method=java.util.ComparableTimSort.mergeLo(IIII)V @ 147

Classes redefined (0 events):
No events

Internal exceptions (10 events):
Event: 3946.503 Thread 0x000000001e44c800 Implicit null exception at 0x00000000033d025b to 0x00000000033d05c5
Event: 3946.504 Thread 0x000000001e44c800 Implicit null exception at 0x00000000032718a5 to 0x0000000003271bf9
Event: 3946.504 Thread 0x000000001e44c800 Implicit null exception at 0x0000000005639ad4 to 0x000000000563a4a9
Event: 3948.860 Thread 0x000000002157f800 Exception <a 'java/lang/InterruptedException'> (0x00000000ecee3aa0) thrown at [D:\src\AOSP-openjdk-cygwin\jdk8u\hotspot\src\share\vm\runtime\objectMonitor.cpp, line 1680]
Event: 3949.182 Thread 0x000000001e44c800 Exception <a 'sun/nio/fs/WindowsException'> (0x00000000ed98ccd8) thrown at [D:\src\AOSP-openjdk-cygwin\jdk8u\hotspot\src\share\vm\prims\jni.cpp, line 710]
Event: 4073.593 Thread 0x0000000021575800 Exception <a 'sun/nio/fs/WindowsException'> (0x00000000ef1ed620) thrown at [D:\src\AOSP-openjdk-cygwin\jdk8u\hotspot\src\share\vm\prims\jni.cpp, line 710]
Event: 4075.413 Thread 0x000000001caf6000 Exception <a 'java/lang/InterruptedException'> (0x00000000e473f1f8) thrown at [D:\src\AOSP-openjdk-cygwin\jdk8u\hotspot\src\share\vm\runtime\objectMonitor.cpp, line 1680]
Event: 4075.836 Thread 0x0000000021575800 Exception <a 'sun/nio/fs/WindowsException'> (0x00000000e6a82698) thrown at [D:\src\AOSP-openjdk-cygwin\jdk8u\hotspot\src\share\vm\prims\jni.cpp, line 710]
Event: 4247.177 Thread 0x000000001caf0800 Exception <a 'sun/nio/fs/WindowsException'> (0x00000000e7b84670) thrown at [D:\src\AOSP-openjdk-cygwin\jdk8u\hotspot\src\share\vm\prims\jni.cpp, line 710]
Event: 4249.252 Thread 0x000000001e44a000 Exception <a 'java/lang/InterruptedException'> (0x00000000f39a94e8) thrown at [D:\src\AOSP-openjdk-cygwin\jdk8u\hotspot\src\share\vm\runtime\objectMonitor.cpp, line 1680]

Events (10 events):
Event: 4257.415 loading class com/bumptech/glide/repackaged/com/google/common/base/Predicates$ObjectPredicate$2
Event: 4257.415 loading class com/bumptech/glide/repackaged/com/google/common/base/Predicates$ObjectPredicate$2 done
Event: 4257.415 loading class com/bumptech/glide/repackaged/com/google/common/base/Predicates$ObjectPredicate$3
Event: 4257.415 loading class com/bumptech/glide/repackaged/com/google/common/base/Predicates$ObjectPredicate$3 done
Event: 4257.416 loading class com/bumptech/glide/repackaged/com/google/common/base/Predicates$ObjectPredicate$4
Event: 4257.416 loading class com/bumptech/glide/repackaged/com/google/common/base/Predicates$ObjectPredicate$4 done
Event: 4257.428 loading class com/bumptech/glide/annotation/compiler/GlideGenerator$1
Event: 4257.428 loading class com/bumptech/glide/annotation/compiler/GlideGenerator$1 done
Event: 4257.482 loading class com/bumptech/glide/annotation/Excludes
Event: 4257.482 loading class com/bumptech/glide/annotation/Excludes done


Dynamic libraries:
0x00007ff68efb0000 - 0x00007ff68efe1000 	D:\AndroidStudio\jre\bin\java.exe
0x00007ffee10b0000 - 0x00007ffee129d000 	C:\WINDOWS\SYSTEM32\ntdll.dll
0x00007ffee0c00000 - 0x00007ffee0cb3000 	C:\WINDOWS\System32\KERNEL32.DLL
0x00007ffedd7e0000 - 0x00007ffedda73000 	C:\WINDOWS\System32\KERNELBASE.dll
0x00007ffee0cc0000 - 0x00007ffee0d63000 	C:\WINDOWS\System32\ADVAPI32.dll
0x00007ffee0b00000 - 0x00007ffee0b9e000 	C:\WINDOWS\System32\msvcrt.dll
0x00007ffee0f80000 - 0x00007ffee101e000 	C:\WINDOWS\System32\sechost.dll
0x00007ffededd0000 - 0x00007ffedeef2000 	C:\WINDOWS\System32\RPCRT4.dll
0x00007ffedec30000 - 0x00007ffededc7000 	C:\WINDOWS\System32\USER32.dll
0x00007ffedd5c0000 - 0x00007ffedd5e0000 	C:\WINDOWS\System32\win32u.dll
0x00007ffee0a50000 - 0x00007ffee0a79000 	C:\WINDOWS\System32\GDI32.dll
0x00007ffedd420000 - 0x00007ffedd5b9000 	C:\WINDOWS\System32\gdi32full.dll
0x00007ffedd270000 - 0x00007ffedd310000 	C:\WINDOWS\System32\msvcp_win.dll
0x00007ffedda80000 - 0x00007ffeddb7a000 	C:\WINDOWS\System32\ucrtbase.dll
0x00007ffece1f0000 - 0x00007ffece469000 	C:\WINDOWS\WinSxS\amd64_microsoft.windows.common-controls_6595b64144ccf1df_6.0.17763.802_none_05b1445c0722d2cc\COMCTL32.dll
0x00007ffede390000 - 0x00007ffede6bc000 	C:\WINDOWS\System32\combase.dll
0x00007ffedd310000 - 0x00007ffedd38e000 	C:\WINDOWS\System32\bcryptPrimitives.dll
0x00007ffede2d0000 - 0x00007ffede2fe000 	C:\WINDOWS\System32\IMM32.DLL
0x0000000072a40000 - 0x0000000072b12000 	D:\AndroidStudio\jre\jre\bin\msvcr100.dll
0x0000000071320000 - 0x0000000071b66000 	D:\AndroidStudio\jre\jre\bin\server\jvm.dll
0x00007ffede6c0000 - 0x00007ffede6c8000 	C:\WINDOWS\System32\PSAPI.DLL
0x00007ffec70f0000 - 0x00007ffec70f9000 	C:\WINDOWS\SYSTEM32\WSOCK32.dll
0x00007ffed9a40000 - 0x00007ffed9a64000 	C:\WINDOWS\SYSTEM32\WINMM.dll
0x00007ffed90c0000 - 0x00007ffed90ca000 	C:\WINDOWS\SYSTEM32\VERSION.dll
0x00007ffee0400000 - 0x00007ffee046d000 	C:\WINDOWS\System32\WS2_32.dll
0x00007ffed9a10000 - 0x00007ffed9a3d000 	C:\WINDOWS\SYSTEM32\winmmbase.dll
0x00007ffedd220000 - 0x00007ffedd26a000 	C:\WINDOWS\System32\cfgmgr32.dll
0x00007ffecefd0000 - 0x00007ffecefdf000 	D:\AndroidStudio\jre\jre\bin\verify.dll
0x00007ffeb78c0000 - 0x00007ffeb78e9000 	D:\AndroidStudio\jre\jre\bin\java.dll
0x00007ffec0720000 - 0x00007ffec0736000 	D:\AndroidStudio\jre\jre\bin\zip.dll
0x00007ffedef00000 - 0x00007ffee03f4000 	C:\WINDOWS\System32\SHELL32.dll
0x00007ffedeb20000 - 0x00007ffedebc8000 	C:\WINDOWS\System32\shcore.dll
0x00007ffeddb80000 - 0x00007ffede2cd000 	C:\WINDOWS\System32\windows.storage.dll
0x00007ffedd0c0000 - 0x00007ffedd0e4000 	C:\WINDOWS\System32\profapi.dll
0x00007ffedd0f0000 - 0x00007ffedd14d000 	C:\WINDOWS\System32\powrprof.dll
0x00007ffee0d80000 - 0x00007ffee0dd2000 	C:\WINDOWS\System32\shlwapi.dll
0x00007ffedd150000 - 0x00007ffedd161000 	C:\WINDOWS\System32\kernel.appcore.dll
0x00007ffedd7c0000 - 0x00007ffedd7d7000 	C:\WINDOWS\System32\cryptsp.dll
0x00007ffeb4c60000 - 0x00007ffeb4c7a000 	D:\AndroidStudio\jre\jre\bin\net.dll
0x00007ffedc910000 - 0x00007ffedc977000 	C:\WINDOWS\system32\mswsock.dll
0x00007ffeb4b20000 - 0x00007ffeb4b31000 	D:\AndroidStudio\jre\jre\bin\nio.dll
0x00007ffeb49f0000 - 0x00007ffeb4a16000 	C:\Users\jun\.gradle\native\29\windows-amd64\native-platform.dll
0x00007ffebddc0000 - 0x00007ffebddcd000 	D:\AndroidStudio\jre\jre\bin\management.dll
0x00007ffedc490000 - 0x00007ffedc4c3000 	C:\WINDOWS\system32\rsaenh.dll
0x00007ffedd390000 - 0x00007ffedd3b6000 	C:\WINDOWS\System32\bcrypt.dll
0x00007ffedcfd0000 - 0x00007ffedcff8000 	C:\WINDOWS\SYSTEM32\USERENV.dll
0x00007ffedcae0000 - 0x00007ffedcaec000 	C:\WINDOWS\SYSTEM32\CRYPTBASE.dll
0x00007ffedc630000 - 0x00007ffedc66d000 	C:\WINDOWS\SYSTEM32\IPHLPAPI.DLL
0x00007ffede380000 - 0x00007ffede388000 	C:\WINDOWS\System32\NSI.dll
0x00007ffed92a0000 - 0x00007ffed92b6000 	C:\WINDOWS\SYSTEM32\dhcpcsvc6.DLL
0x00007ffed7240000 - 0x00007ffed725c000 	C:\WINDOWS\SYSTEM32\dhcpcsvc.DLL
0x00007ffedc670000 - 0x00007ffedc736000 	C:\WINDOWS\SYSTEM32\DNSAPI.dll
0x00007ffea5440000 - 0x00007ffea55dc000 	D:\AndroidStudio\jre\jre\bin\awt.dll
0x00007ffee0e90000 - 0x00007ffee0f54000 	C:\WINDOWS\System32\OLEAUT32.dll
0x00007ffedb950000 - 0x00007ffedb97e000 	C:\WINDOWS\SYSTEM32\dwmapi.dll
0x00007ffedd5e0000 - 0x00007ffedd7bb000 	C:\WINDOWS\System32\CRYPT32.dll
0x00007ffedd0a0000 - 0x00007ffedd0b2000 	C:\WINDOWS\System32\MSASN1.dll
0x00007ffeda620000 - 0x00007ffedabde000 	C:\WINDOWS\SYSTEM32\d2d1.dll
0x00007ffedb3e0000 - 0x00007ffedb46c000 	C:\WINDOWS\SYSTEM32\apphelp.dll
0x00007ffedb670000 - 0x00007ffedb70c000 	C:\WINDOWS\system32\uxtheme.dll
0x00007ffed6000000 - 0x00007ffed601e000 	C:\Users\jun\AppData\Local\Temp\native-platform3274773955288632453dir\native-platform.dll
0x00007ffed6710000 - 0x00007ffed6734000 	D:\AndroidStudio\jre\jre\bin\sunec.dll
0x00007ffed11a0000 - 0x00007ffed11aa000 	C:\Windows\System32\rasadhlp.dll
0x00007ffecf1e0000 - 0x00007ffecf259000 	C:\WINDOWS\System32\fwpuclnt.dll
0x00007ffed6700000 - 0x00007ffed670b000 	D:\AndroidStudio\jre\jre\bin\sunmscapi.dll

VM Arguments:
jvm_args: -Xmx1536m -Dfile.encoding=x-windows-949 -Duser.country=KR -Duser.language=ko -Duser.variant 
java_command: org.gradle.launcher.daemon.bootstrap.GradleDaemon 5.4.1
java_class_path (initial): C:\Users\jun\.gradle\wrapper\dists\gradle-5.4.1-all\3221gyojl5jsh0helicew7rwx\gradle-5.4.1\lib\gradle-launcher-5.4.1.jar
Launcher Type: SUN_STANDARD

Environment Variables:
JAVA_HOME=D:\Program Files\Java\jdk-11.0.4
CLASSPATH=D:\Program Files\Java\jdk-11.0.4\lib
PATH=D:\Program Files\Java\jdk-11.0.4\bin;D:\WINDOWS.X64_180000_db_home\bin;c:\program files\intel\icls client\;c:\windows\system32;c:\windows;c:\windows\system32\wbem;c:\windows\system32\windowspowershell\v1.0\;c:\program files (x86)\intel\intel(r) management engine components\dal;c:\program files\intel\intel(r) management engine components\dal;c:\program files (x86)\intel\intel(r) management engine components\ipt;c:\program files\intel\intel(r) management engine components\ipt;c:\program files\intel\wifi\bin\;c:\program files\common files\intel\wirelesscommon\;C:\Program Files (x86)\NVIDIA Corporation\PhysX\Common;C:\WINDOWS\system32;C:\WINDOWS;C:\WINDOWS\System32\Wbem;C:\WINDOWS\System32\WindowsPowerShell\v1.0\;D:\재워ㅏㄴ\프언\putty\;C:\Program Files\dotnet\;C:\WINDOWS\System32\OpenSSH\;C:\Program Files\Common Files\Autodesk Shared\;%Android-SDK%\platform-tools;C:\Program Files\MySQL\MySQL Server 8.0\bin;C:\Program Files\Tesseract-OCR;D:\AndroidStudio\jre\bin;C:\Program Files\MySQL\MySQL Shell 8.0\bin\;D:\Program Files\Microsoft VS Code\bin
USERNAME=jun
OS=Windows_NT
PROCESSOR_IDENTIFIER=Intel64 Family 6 Model 158 Stepping 9, GenuineIntel



---------------  S Y S T E M  ---------------

OS: Windows 10.0 , 64 bit Build 17763 (10.0.17763.475)

CPU:total 8 (initial active 8) (4 cores per cpu, 2 threads per core) family 6 model 158 stepping 9, cmov, cx8, fxsr, mmx, sse, sse2, sse3, ssse3, sse4.1, sse4.2, popcnt, avx, avx2, aes, clmul, erms, 3dnowpref, lzcnt, ht, tsc, tscinvbit, bmi1, bmi2, adx

Memory: 4k page, physical 8267116k(175976k free), swap 12461420k(3512k free)

vm_info: OpenJDK 64-Bit Server VM (25.202-b03) for windows-amd64 JRE (1.8.0_202-release-1483-b03), built by "builder" with MS VC++ 10.0 (VS2010)

time: Thu Nov 14 14:30:02 2019
timezone: 대한민국 표준시
elapsed time: 4257 seconds (0d 1h 10m 57s)

