#
# There is insufficient memory for the Java Runtime Environment to continue.
# Native memory allocation (malloc) failed to allocate 989856 bytes for Chunk::new
# Possible reasons:
#   The system is out of physical RAM or swap space
#   The process is running with CompressedOops enabled, and the Java Heap may be blocking the growth of the native heap
# Possible solutions:
#   Reduce memory load on the system
#   Increase physical memory or swap space
#   Check if swap backing store is full
#   Decrease Java heap size (-Xmx/-Xms)
#   Decrease number of Java threads
#   Decrease Java thread stack sizes (-Xss)
#   Set larger code cache with -XX:ReservedCodeCacheSize=
#   JVM is running with Unscaled Compressed Oops mode in which the Java heap is
#     placed in the first 4GB address space. The Java Heap base address is the
#     maximum limit for the native heap growth. Please use -XX:HeapBaseMinAddress
#     to set the Java Heap base and to place the Java Heap above 4GB virtual address.
# This output file may be truncated or incomplete.
#
#  Out of Memory Error (allocation.cpp:389), pid=9016, tid=0x00000000000001a8
#
# JRE version: OpenJDK Runtime Environment (8.0_202-b03) (build 1.8.0_202-release-1483-b03)
# Java VM: OpenJDK 64-Bit Server VM (25.202-b03 mixed mode windows-amd64 compressed oops)
# Failed to write core dump. Minidumps are not enabled by default on client versions of Windows
#

---------------  T H R E A D  ---------------

Current thread (0x0000000016d2b800):  JavaThread "C2 CompilerThread0" daemon [_thread_in_native, id=424, stack(0x0000000019310000,0x0000000019410000)]

Stack: [0x0000000019310000,0x0000000019410000]
[error occurred during error reporting (printing stack bounds), id 0xc0000005]

Native frames: (J=compiled Java code, j=interpreted, Vv=VM code, C=native code)


Current CompileTask:
C2:5664144 36018 %     4       com.android.tools.r8.ir.code.Phi::a @ 12 (339 bytes)


---------------  P R O C E S S  ---------------

Java Threads: ( => current thread )
  0x000000002d6a4000 JavaThread "ForkJoinPool.commonPool-worker-7" daemon [_thread_blocked, id=6764, stack(0x0000000053bd0000,0x0000000053cd0000)]
  0x0000000020502000 JavaThread "ForkJoinPool.commonPool-worker-5" daemon [_thread_blocked, id=16704, stack(0x00000000539d0000,0x0000000053ad0000)]
  0x0000000020502800 JavaThread "ForkJoinPool.commonPool-worker-4" daemon [_thread_blocked, id=14476, stack(0x00000000538d0000,0x00000000539d0000)]
  0x00000000204ff800 JavaThread "ForkJoinPool.commonPool-worker-3" daemon [_thread_blocked, id=19388, stack(0x00000000537d0000,0x00000000538d0000)]
  0x00000000204ff000 JavaThread "ForkJoinPool.commonPool-worker-2" daemon [_thread_blocked, id=16620, stack(0x00000000536d0000,0x00000000537d0000)]
  0x00000000204f7800 JavaThread "ForkJoinPool.commonPool-worker-1" daemon [_thread_blocked, id=12972, stack(0x00000000535d0000,0x00000000536d0000)]
  0x00000000204fe000 JavaThread "WorkerExecutor Queue Thread 2" [_thread_blocked, id=18104, stack(0x00000000534d0000,0x00000000535d0000)]
  0x000000001f504800 JavaThread "Cache worker for Java compile cache (D:\AndroidWorkspace\.gradle\5.4.1\javaCompile)" [_thread_blocked, id=13840, stack(0x00000000532d0000,0x00000000533d0000)]
  0x000000001f4fc000 JavaThread "WorkerExecutor Queue" [_thread_in_native, id=17892, stack(0x00000000531d0000,0x00000000532d0000)]
  0x000000001f069000 JavaThread "Cache worker for execution history cache (D:\AndroidWorkspace\.gradle\5.4.1\executionHistory)" [_thread_blocked, id=10012, stack(0x0000000052ed0000,0x0000000052fd0000)]
  0x000000001f067000 JavaThread "Execution worker for ':' Thread 7" [_thread_in_native, id=18384, stack(0x0000000052dd0000,0x0000000052ed0000)]
  0x000000001f060800 JavaThread "Execution worker for ':' Thread 6" [_thread_in_native, id=12296, stack(0x0000000052cd0000,0x0000000052dd0000)]
  0x000000001f064800 JavaThread "Execution worker for ':' Thread 5" [_thread_in_native, id=10388, stack(0x0000000052bd0000,0x0000000052cd0000)]
  0x000000001f067800 JavaThread "Execution worker for ':' Thread 4" [_thread_in_Java, id=4604, stack(0x0000000052ad0000,0x0000000052bd0000)]
  0x000000001f064000 JavaThread "Execution worker for ':' Thread 3" [_thread_in_Java, id=4416, stack(0x00000000529d0000,0x0000000052ad0000)]
  0x000000001f066000 JavaThread "Execution worker for ':' Thread 2" [_thread_blocked, id=11268, stack(0x00000000528d0000,0x00000000529d0000)]
  0x000000001f062000 JavaThread "Execution worker for ':'" [_thread_in_Java, id=3484, stack(0x00000000527d0000,0x00000000528d0000)]
  0x000000002296d000 JavaThread "Cache worker for file content cache (D:\AndroidWorkspace\.gradle\5.4.1\fileContent)" [_thread_blocked, id=2632, stack(0x00000000526d0000,0x00000000527d0000)]
  0x000000002296b800 JavaThread "Cache worker for Build Output Cleanup Cache (D:\AndroidWorkspace\.gradle\buildOutputCleanup)" [_thread_blocked, id=2932, stack(0x00000000525d0000,0x00000000526d0000)]
  0x0000000022971000 JavaThread "pool-34-thread-1" [_thread_blocked, id=17520, stack(0x00000000524d0000,0x00000000525d0000)]
  0x0000000022972800 JavaThread "Build operations Thread 8" [_thread_blocked, id=19436, stack(0x00000000523d0000,0x00000000524d0000)]
  0x000000002296b000 JavaThread "Build operations Thread 7" [_thread_blocked, id=6232, stack(0x00000000522d0000,0x00000000523d0000)]
  0x000000002296c800 JavaThread "Build operations Thread 6" [_thread_blocked, id=15872, stack(0x00000000521d0000,0x00000000522d0000)]
  0x0000000022970000 JavaThread "Build operations Thread 5" [_thread_blocked, id=11604, stack(0x00000000520d0000,0x00000000521d0000)]
  0x0000000022968800 JavaThread "Build operations Thread 4" [_thread_blocked, id=11104, stack(0x0000000051fd0000,0x00000000520d0000)]
  0x000000002296a000 JavaThread "Build operations Thread 3" [_thread_blocked, id=11316, stack(0x0000000051ed0000,0x0000000051fd0000)]
  0x0000000022969800 JavaThread "Build operations Thread 2" [_thread_blocked, id=11244, stack(0x0000000051dd0000,0x0000000051ed0000)]
  0x0000000022967000 JavaThread "Build operations" [_thread_blocked, id=7904, stack(0x0000000051cd0000,0x0000000051dd0000)]
  0x0000000022968000 JavaThread "Cache worker for cache directory md-rule (C:\Users\jun\.gradle\caches\5.4.1\md-rule)" [_thread_blocked, id=19876, stack(0x0000000051bd0000,0x0000000051cd0000)]
  0x000000001de8c000 JavaThread "Cache worker for cache directory md-supplier (C:\Users\jun\.gradle\caches\5.4.1\md-supplier)" [_thread_blocked, id=15332, stack(0x0000000051ad0000,0x0000000051bd0000)]
  0x000000001de84800 JavaThread "Cache worker for file hash cache (D:\AndroidWorkspace\.gradle\5.4.1\fileHashes)" [_thread_blocked, id=4396, stack(0x00000000519d0000,0x0000000051ad0000)]
  0x000000001de84000 JavaThread "Thread-441" [_thread_blocked, id=19908, stack(0x00000000518d0000,0x00000000519d0000)]
  0x000000001de81800 JavaThread "Stdin handler" [_thread_blocked, id=12504, stack(0x00000000517d0000,0x00000000518d0000)]
  0x000000001de86000 JavaThread "Asynchronous log dispatcher for DefaultDaemonConnection: socket connection from /127.0.0.1:57075 to /127.0.0.1:58487" [_thread_blocked, id=11952, stack(0x00000000516d0000,0x00000000517d0000)]
  0x000000001de87800 JavaThread "Cancel handler" [_thread_blocked, id=16104, stack(0x00000000515d0000,0x00000000516d0000)]
  0x000000001de85800 JavaThread "Handler for socket connection from /127.0.0.1:57075 to /127.0.0.1:58487" [_thread_in_native, id=20788, stack(0x00000000514d0000,0x00000000515d0000)]
  0x000000002d69e800 JavaThread "RMI TCP Connection(16)-127.0.0.1" daemon [_thread_in_native, id=10676, stack(0x00000000511d0000,0x00000000512d0000)]
  0x000000002d69e000 JavaThread "RMI TCP Accept-0" daemon [_thread_in_native, id=19820, stack(0x00000000510d0000,0x00000000511d0000)]
  0x000000002d6a2800 JavaThread "RMI RenewClean-[127.0.0.1:17548,org.jetbrains.kotlin.daemon.common.LoopbackNetworkInterface$ClientLoopbackSocketFactory@75470286]" daemon [_thread_in_native, id=13160, stack(0x0000000050fd0000,0x00000000510d0000)]
  0x000000001f502000 JavaThread "Daemon worker Thread 12" [_thread_in_Java, id=13348, stack(0x000000004dcd0000,0x000000004ddd0000)]
  0x000000001f4fb800 JavaThread "Daemon Thread 12" [_thread_blocked, id=6468, stack(0x000000004d9d0000,0x000000004dad0000)]
  0x000000001de8d800 JavaThread "Cache worker for Java compile cache (C:\Users\jun\.gradle\caches\5.4.1\javaCompile)" [_thread_blocked, id=5392, stack(0x000000002bc10000,0x000000002bd10000)]
  0x000000001f06e800 JavaThread "RMI Reaper" [_thread_blocked, id=10492, stack(0x000000002b910000,0x000000002ba10000)]
  0x000000001f070000 JavaThread "RMI TCP Accept-0" daemon [_thread_in_native, id=16828, stack(0x000000002b810000,0x000000002b910000)]
  0x000000001f06a800 JavaThread "GC Daemon" daemon [_thread_blocked, id=13396, stack(0x000000002b710000,0x000000002b810000)]
  0x000000001f06d000 JavaThread "RMI Scheduler(0)" daemon [_thread_blocked, id=4376, stack(0x000000002b510000,0x000000002b610000)]
  0x000000001f503800 JavaThread "MarlinRenderer Disposer" daemon [_thread_blocked, id=4116, stack(0x0000000029140000,0x0000000029240000)]
  0x000000001f503000 JavaThread "Java2D Disposer" daemon [_thread_blocked, id=8492, stack(0x0000000029040000,0x0000000029140000)]
  0x000000001de82800 JavaThread "Cache worker for file content cache (C:\Users\jun\.gradle\caches\5.4.1\fileContent)" [_thread_blocked, id=12592, stack(0x0000000026d70000,0x0000000026e70000)]
  0x000000001de8a800 JavaThread "Memory manager" [_thread_blocked, id=2604, stack(0x0000000024560000,0x0000000024660000)]
  0x000000001de83000 JavaThread "Cache worker for execution history cache (C:\Users\jun\.gradle\caches\5.4.1\executionHistory)" [_thread_blocked, id=13212, stack(0x0000000021010000,0x0000000021110000)]
  0x0000000018bb5000 JavaThread "Cache worker for journal cache (C:\Users\jun\.gradle\caches\journal-1)" [_thread_blocked, id=15344, stack(0x000000001d490000,0x000000001d590000)]
  0x0000000018bb4000 JavaThread "File lock request listener" [_thread_in_native, id=15292, stack(0x000000001d190000,0x000000001d290000)]
  0x000000001a812800 JavaThread "Cache worker for file hash cache (C:\Users\jun\.gradle\caches\5.4.1\fileHashes)" [_thread_blocked, id=16764, stack(0x000000001d090000,0x000000001d190000)]
  0x0000000018c87000 JavaThread "Daemon periodic checks" [_thread_blocked, id=11932, stack(0x000000001b5c0000,0x000000001b6c0000)]
  0x0000000018c86800 JavaThread "Incoming local TCP Connector on port 57075" [_thread_in_native, id=18036, stack(0x000000001b3e0000,0x000000001b4e0000)]
  0x000000001ad9c800 JavaThread "Daemon health stats" [_thread_blocked, id=12080, stack(0x000000001b0e0000,0x000000001b1e0000)]
  0x0000000018bfb800 JavaThread "Service Thread" daemon [_thread_blocked, id=18636, stack(0x0000000019710000,0x0000000019810000)]
  0x0000000018bb2000 JavaThread "C1 CompilerThread3" daemon [_thread_in_native, id=21140, stack(0x0000000019610000,0x0000000019710000)]
  0x0000000018ba7800 JavaThread "C2 CompilerThread2" daemon [_thread_in_native, id=12636, stack(0x0000000019510000,0x0000000019610000)]
  0x0000000018ba3000 JavaThread "C2 CompilerThread1" daemon [_thread_in_native, id=13208, stack(0x0000000019410000,0x0000000019510000)]
=>0x0000000016d2b800 JavaThread "C2 CompilerThread0" daemon [_thread_in_native, id=424, stack(0x0000000019310000,0x0000000019410000)]
  0x0000000018b4e000 JavaThread "Attach Listener" daemon [_thread_blocked, id=15212, stack(0x0000000019210000,0x0000000019310000)]
  0x0000000018b4d000 JavaThread "Signal Dispatcher" daemon [_thread_blocked, id=13056, stack(0x0000000019110000,0x0000000019210000)]
  0x0000000018b30800 JavaThread "Finalizer" daemon [_thread_blocked, id=3324, stack(0x0000000019010000,0x0000000019110000)]
  0x0000000002f55000 JavaThread "Reference Handler" daemon [_thread_blocked, id=6948, stack(0x0000000018f10000,0x0000000019010000)]
  0x0000000002d5d800 JavaThread "main" [_thread_blocked, id=3212, stack(0x0000000002d60000,0x0000000002e60000)]

Other Threads:
  0x0000000016d18800 VMThread [stack: 0x0000000018a10000,0x0000000018b10000] [id=18948]
  0x0000000018bfc800 WatcherThread [stack: 0x0000000019810000,0x0000000019910000] [id=17668]

VM state:not at safepoint (normal execution)

VM Mutex/Monitor currently owned by a thread: None

heap address: 0x00000000a0000000, size: 1536 MB, Compressed Oops mode: 32-bit
Narrow klass base: 0x0000000000000000, Narrow klass shift: 3
Compressed class space size: 1073741824 Address: 0x0000000100000000

Heap:
 PSYoungGen      total 413184K, used 285740K [0x00000000e0000000, 0x0000000100000000, 0x0000000100000000)
  eden space 316416K, 65% used [0x00000000e0000000,0x00000000ecb61dd8,0x00000000f3500000)
  from space 96768K, 80% used [0x00000000fa180000,0x00000000fed29490,0x0000000100000000)
  to   space 103936K, 0% used [0x00000000f3500000,0x00000000f3500000,0x00000000f9a80000)
 ParOldGen       total 266240K, used 82409K [0x00000000a0000000, 0x00000000b0400000, 0x00000000e0000000)
  object space 266240K, 30% used [0x00000000a0000000,0x00000000a507a608,0x00000000b0400000)
 Metaspace       used 204636K, capacity 217176K, committed 217492K, reserved 1239040K
  class space    used 25977K, capacity 28236K, committed 28348K, reserved 1048576K

Card table byte_map: [0x0000000012320000,0x0000000012630000] byte_map_base: 0x0000000011e20000

Marking Bits: (ParMarkBitMap*) 0x0000000071ae9f30
 Begin Bits: [0x0000000013030000, 0x0000000014830000)
 End Bits:   [0x0000000014830000, 0x0000000016030000)

Polling page: 0x0000000000b10000

CodeCache: size=245760Kb used=101018Kb max_used=101018Kb free=144741Kb
 bounds [0x0000000002f60000, 0x00000000092a0000, 0x0000000011f60000]
 total_blobs=29240 nmethods=28179 adapters=971
 compilation: enabled

Compilation events (10 events):
Event: 5664.104 Thread 0x0000000018bb2000 nmethod 36470 0x0000000009274e50 code [0x00000000092755a0, 0x0000000009278038]
Event: 5664.104 Thread 0x0000000018bb2000 36466       2       com.android.tools.r8.ir.conversion.X::h (345 bytes)
Event: 5664.106 Thread 0x0000000018bb2000 nmethod 36466 0x000000000927b550 code [0x000000000927b800, 0x000000000927c528]
Event: 5664.106 Thread 0x0000000018bb2000 36474       2       com.android.tools.r8.ir.optimize.CodeRewriter::j (671 bytes)
Event: 5664.112 Thread 0x0000000018bb2000 nmethod 36474 0x000000000927d010 code [0x000000000927d580, 0x000000000927f308]
Event: 5664.112 Thread 0x0000000018bb2000 36468       2       com.android.tools.r8.ir.optimize.f::a (383 bytes)
Event: 5664.116 Thread 0x0000000018bb2000 nmethod 36468 0x0000000009281d10 code [0x00000000092820c0, 0x0000000009283248]
Event: 5664.116 Thread 0x0000000018bb2000 36467       2       com.android.tools.r8.ir.optimize.CodeRewriter::l (259 bytes)
Event: 5664.119 Thread 0x0000000018bb2000 nmethod 36467 0x0000000009284550 code [0x00000000092848a0, 0x0000000009285698]
Event: 5664.119 Thread 0x0000000018bb2000 36473       2       com.android.tools.r8.ir.optimize.CodeRewriter::f (1556 bytes)

GC Heap History (10 events):
Event: 4369.219 GC heap before
{Heap before GC invocations=52 (full 6):
 PSYoungGen      total 421888K, used 421578K [0x00000000e0000000, 0x0000000100000000, 0x0000000100000000)
  eden space 367616K, 100% used [0x00000000e0000000,0x00000000f6700000,0x00000000f6700000)
  from space 54272K, 99% used [0x00000000f6700000,0x00000000f9bb2ba8,0x00000000f9c00000)
  to   space 81408K, 0% used [0x00000000fb080000,0x00000000fb080000,0x0000000100000000)
 ParOldGen       total 266240K, used 82369K [0x00000000a0000000, 0x00000000b0400000, 0x00000000e0000000)
  object space 266240K, 30% used [0x00000000a0000000,0x00000000a5070608,0x00000000b0400000)
 Metaspace       used 189975K, capacity 201120K, committed 201364K, reserved 1224704K
  class space    used 24048K, capacity 26042K, committed 26044K, reserved 1048576K
Event: 4369.262 GC heap after
Heap after GC invocations=52 (full 6):
 PSYoungGen      total 431616K, used 62658K [0x00000000e0000000, 0x0000000100000000, 0x0000000100000000)
  eden space 350208K, 0% used [0x00000000e0000000,0x00000000e0000000,0x00000000f5600000)
  from space 81408K, 76% used [0x00000000fb080000,0x00000000fedb08d8,0x0000000100000000)
  to   space 87040K, 0% used [0x00000000f5600000,0x00000000f5600000,0x00000000fab00000)
 ParOldGen       total 266240K, used 82377K [0x00000000a0000000, 0x00000000b0400000, 0x00000000e0000000)
  object space 266240K, 30% used [0x00000000a0000000,0x00000000a5072608,0x00000000b0400000)
 Metaspace       used 189975K, capacity 201120K, committed 201364K, reserved 1224704K
  class space    used 24048K, capacity 26042K, committed 26044K, reserved 1048576K
}
Event: 5597.683 GC heap before
{Heap before GC invocations=53 (full 6):
 PSYoungGen      total 431616K, used 412866K [0x00000000e0000000, 0x0000000100000000, 0x0000000100000000)
  eden space 350208K, 100% used [0x00000000e0000000,0x00000000f5600000,0x00000000f5600000)
  from space 81408K, 76% used [0x00000000fb080000,0x00000000fedb08d8,0x0000000100000000)
  to   space 87040K, 0% used [0x00000000f5600000,0x00000000f5600000,0x00000000fab00000)
 ParOldGen       total 266240K, used 82377K [0x00000000a0000000, 0x00000000b0400000, 0x00000000e0000000)
  object space 266240K, 30% used [0x00000000a0000000,0x00000000a5072608,0x00000000b0400000)
 Metaspace       used 190525K, capacity 201916K, committed 202004K, reserved 1224704K
  class space    used 24104K, capacity 26132K, committed 26172K, reserved 1048576K
Event: 5597.737 GC heap after
Heap after GC invocations=53 (full 6):
 PSYoungGen      total 412160K, used 61632K [0x00000000e0000000, 0x0000000100000000, 0x0000000100000000)
  eden space 350208K, 0% used [0x00000000e0000000,0x00000000e0000000,0x00000000f5600000)
  from space 61952K, 99% used [0x00000000f5600000,0x00000000f9230050,0x00000000f9280000)
  to   space 91136K, 0% used [0x00000000fa700000,0x00000000fa700000,0x0000000100000000)
 ParOldGen       total 266240K, used 82385K [0x00000000a0000000, 0x00000000b0400000, 0x00000000e0000000)
  object space 266240K, 30% used [0x00000000a0000000,0x00000000a5074608,0x00000000b0400000)
 Metaspace       used 190525K, capacity 201916K, committed 202004K, reserved 1224704K
  class space    used 24104K, capacity 26132K, committed 26172K, reserved 1048576K
}
Event: 5605.594 GC heap before
{Heap before GC invocations=54 (full 6):
 PSYoungGen      total 412160K, used 411840K [0x00000000e0000000, 0x0000000100000000, 0x0000000100000000)
  eden space 350208K, 100% used [0x00000000e0000000,0x00000000f5600000,0x00000000f5600000)
  from space 61952K, 99% used [0x00000000f5600000,0x00000000f9230050,0x00000000f9280000)
  to   space 91136K, 0% used [0x00000000fa700000,0x00000000fa700000,0x0000000100000000)
 ParOldGen       total 266240K, used 82385K [0x00000000a0000000, 0x00000000b0400000, 0x00000000e0000000)
  object space 266240K, 30% used [0x00000000a0000000,0x00000000a5074608,0x00000000b0400000)
 Metaspace       used 193961K, capacity 205454K, committed 205844K, reserved 1228800K
  class space    used 24510K, capacity 26557K, committed 26684K, reserved 1048576K
Event: 5605.671 GC heap after
Heap after GC invocations=54 (full 6):
 PSYoungGen      total 428032K, used 60905K [0x00000000e0000000, 0x0000000100000000, 0x0000000100000000)
  eden space 336896K, 0% used [0x00000000e0000000,0x00000000e0000000,0x00000000f4900000)
  from space 91136K, 66% used [0x00000000fa700000,0x00000000fe27a400,0x0000000100000000)
  to   space 93696K, 0% used [0x00000000f4900000,0x00000000f4900000,0x00000000fa480000)
 ParOldGen       total 266240K, used 82393K [0x00000000a0000000, 0x00000000b0400000, 0x00000000e0000000)
  object space 266240K, 30% used [0x00000000a0000000,0x00000000a5076608,0x00000000b0400000)
 Metaspace       used 193961K, capacity 205454K, committed 205844K, reserved 1228800K
  class space    used 24510K, capacity 26557K, committed 26684K, reserved 1048576K
}
Event: 5661.238 GC heap before
{Heap before GC invocations=55 (full 6):
 PSYoungGen      total 428032K, used 397800K [0x00000000e0000000, 0x0000000100000000, 0x0000000100000000)
  eden space 336896K, 99% used [0x00000000e0000000,0x00000000f48ffea8,0x00000000f4900000)
  from space 91136K, 66% used [0x00000000fa700000,0x00000000fe27a400,0x0000000100000000)
  to   space 93696K, 0% used [0x00000000f4900000,0x00000000f4900000,0x00000000fa480000)
 ParOldGen       total 266240K, used 82393K [0x00000000a0000000, 0x00000000b0400000, 0x00000000e0000000)
  object space 266240K, 30% used [0x00000000a0000000,0x00000000a5076608,0x00000000b0400000)
 Metaspace       used 197523K, capacity 209262K, committed 209428K, reserved 1230848K
  class space    used 24966K, capacity 27109K, committed 27196K, reserved 1048576K
Event: 5661.391 GC heap after
Heap after GC invocations=55 (full 6):
 PSYoungGen      total 401920K, used 64799K [0x00000000e0000000, 0x0000000100000000, 0x0000000100000000)
  eden space 336896K, 0% used [0x00000000e0000000,0x00000000e0000000,0x00000000f4900000)
  from space 65024K, 99% used [0x00000000f4900000,0x00000000f8847ed8,0x00000000f8880000)
  to   space 96768K, 0% used [0x00000000fa180000,0x00000000fa180000,0x0000000100000000)
 ParOldGen       total 266240K, used 82401K [0x00000000a0000000, 0x00000000b0400000, 0x00000000e0000000)
  object space 266240K, 30% used [0x00000000a0000000,0x00000000a5078608,0x00000000b0400000)
 Metaspace       used 197523K, capacity 209262K, committed 209428K, reserved 1230848K
  class space    used 24966K, capacity 27109K, committed 27196K, reserved 1048576K
}
Event: 5662.987 GC heap before
{Heap before GC invocations=56 (full 6):
 PSYoungGen      total 401920K, used 401695K [0x00000000e0000000, 0x0000000100000000, 0x0000000100000000)
  eden space 336896K, 100% used [0x00000000e0000000,0x00000000f4900000,0x00000000f4900000)
  from space 65024K, 99% used [0x00000000f4900000,0x00000000f8847ed8,0x00000000f8880000)
  to   space 96768K, 0% used [0x00000000fa180000,0x00000000fa180000,0x0000000100000000)
 ParOldGen       total 266240K, used 82401K [0x00000000a0000000, 0x00000000b0400000, 0x00000000e0000000)
  object space 266240K, 30% used [0x00000000a0000000,0x00000000a5078608,0x00000000b0400000)
 Metaspace       used 204354K, capacity 216842K, committed 217108K, reserved 1239040K
  class space    used 25970K, capacity 28197K, committed 28220K, reserved 1048576K
Event: 5663.209 GC heap after
Heap after GC invocations=56 (full 6):
 PSYoungGen      total 413184K, used 77477K [0x00000000e0000000, 0x0000000100000000, 0x0000000100000000)
  eden space 316416K, 0% used [0x00000000e0000000,0x00000000e0000000,0x00000000f3500000)
  from space 96768K, 80% used [0x00000000fa180000,0x00000000fed29490,0x0000000100000000)
  to   space 103936K, 0% used [0x00000000f3500000,0x00000000f3500000,0x00000000f9a80000)
 ParOldGen       total 266240K, used 82409K [0x00000000a0000000, 0x00000000b0400000, 0x00000000e0000000)
  object space 266240K, 30% used [0x00000000a0000000,0x00000000a507a608,0x00000000b0400000)
 Metaspace       used 204354K, capacity 216842K, committed 217108K, reserved 1239040K
  class space    used 25970K, capacity 28197K, committed 28220K, reserved 1048576K
}

Deoptimization events (10 events):
Event: 5662.723 Thread 0x000000001f067000 Uncommon trap: reason=bimorphic action=maybe_recompile pc=0x0000000008e8d560 method=com.android.tools.r8.ir.code.ValueType.a(Lcom/android/tools/r8/ir/analysis/type/TypeLatticeElement;)Lcom/android/tools/r8/ir/code/ValueType; @ 23
Event: 5662.724 Thread 0x000000001f067000 Uncommon trap: reason=bimorphic action=maybe_recompile pc=0x0000000008e8d560 method=com.android.tools.r8.ir.code.ValueType.a(Lcom/android/tools/r8/ir/analysis/type/TypeLatticeElement;)Lcom/android/tools/r8/ir/code/ValueType; @ 23
Event: 5662.724 Thread 0x000000001f067000 Uncommon trap: reason=bimorphic action=maybe_recompile pc=0x0000000008e8d560 method=com.android.tools.r8.ir.code.ValueType.a(Lcom/android/tools/r8/ir/analysis/type/TypeLatticeElement;)Lcom/android/tools/r8/ir/code/ValueType; @ 23
Event: 5662.724 Thread 0x000000001f067000 Uncommon trap: reason=bimorphic action=maybe_recompile pc=0x0000000008e896f8 method=com.android.tools.r8.ir.code.ValueType.a(Lcom/android/tools/r8/ir/analysis/type/TypeLatticeElement;)Lcom/android/tools/r8/ir/code/ValueType; @ 23
Event: 5662.725 Thread 0x000000001f067000 Uncommon trap: reason=bimorphic action=maybe_recompile pc=0x0000000008e932e0 method=com.android.tools.r8.ir.code.ValueType.a(Lcom/android/tools/r8/ir/analysis/type/TypeLatticeElement;)Lcom/android/tools/r8/ir/code/ValueType; @ 23
Event: 5662.725 Thread 0x000000001f067000 Uncommon trap: reason=unstable_if action=reinterpret pc=0x000000000755c7ec method=com.android.tools.r8.ir.code.ValueType.c()Z @ 11
Event: 5662.883 Thread 0x000000001f060800 Uncommon trap: reason=unstable_if action=reinterpret pc=0x0000000008f4d2ac method=com.android.tools.r8.ir.regalloc.LiveIntervals.getSplitCovering(I)Lcom/android/tools/r8/ir/regalloc/LiveIntervals; @ 153
Event: 5663.448 Thread 0x000000001f064800 Uncommon trap: reason=unstable_if action=reinterpret pc=0x000000000906f20c method=com.android.tools.r8.ir.code.Position.equals(Ljava/lang/Object;)Z @ 27
Event: 5663.722 Thread 0x000000001f064000 Uncommon trap: reason=unstable_if action=reinterpret pc=0x0000000008e5c8e0 method=com.android.tools.r8.t.a.a.f.a(II[C)Ljava/lang/String; @ 32
Event: 5663.722 Thread 0x000000001f064000 Uncommon trap: reason=unstable_if action=reinterpret pc=0x000000000910f364 method=com.android.tools.r8.graph.DexString.<init>(Ljava/lang/String;)V @ 32

Classes redefined (0 events):
No events

Internal exceptions (10 events):
Event: 5662.064 Thread 0x000000001f062000 Exception <a 'sun/nio/fs/WindowsException'> (0x00000000e7513408) thrown at [D:\src\AOSP-openjdk-cygwin\jdk8u\hotspot\src\share\vm\prims\jni.cpp, line 710]
Event: 5662.370 Thread 0x000000001f067800 Exception <a 'sun/nio/fs/WindowsException'> (0x00000000ea7b28a0) thrown at [D:\src\AOSP-openjdk-cygwin\jdk8u\hotspot\src\share\vm\prims\jni.cpp, line 710]
Event: 5662.531 Thread 0x000000002d6a2800 Exception <a 'java/net/ConnectException': Connection refused: connect> (0x00000000e0248290) thrown at [D:\src\AOSP-openjdk-cygwin\jdk8u\hotspot\src\share\vm\prims\jni.cpp, line 736]
Event: 5662.624 Thread 0x000000001f062000 Exception <a 'sun/nio/fs/WindowsException'> (0x00000000ed2ccaa8) thrown at [D:\src\AOSP-openjdk-cygwin\jdk8u\hotspot\src\share\vm\prims\jni.cpp, line 710]
Event: 5662.874 Thread 0x000000001f064000 Exception <a 'sun/nio/fs/WindowsException'> (0x00000000f3f1f990) thrown at [D:\src\AOSP-openjdk-cygwin\jdk8u\hotspot\src\share\vm\prims\jni.cpp, line 710]
Event: 5663.643 Thread 0x000000001f067800 Exception <a 'sun/nio/fs/WindowsException'> (0x00000000e34ad358) thrown at [D:\src\AOSP-openjdk-cygwin\jdk8u\hotspot\src\share\vm\prims\jni.cpp, line 710]
Event: 5663.742 Thread 0x000000002d6a2800 Exception <a 'java/net/ConnectException': Connection refused: connect> (0x00000000e4b3ad10) thrown at [D:\src\AOSP-openjdk-cygwin\jdk8u\hotspot\src\share\vm\prims\jni.cpp, line 736]
Event: 5663.824 Thread 0x000000001f064800 Exception <a 'sun/nio/fs/WindowsException'> (0x00000000e6972f40) thrown at [D:\src\AOSP-openjdk-cygwin\jdk8u\hotspot\src\share\vm\prims\jni.cpp, line 710]
Event: 5663.865 Thread 0x000000001f067000 Exception <a 'sun/nio/fs/WindowsException'> (0x00000000e6c26470) thrown at [D:\src\AOSP-openjdk-cygwin\jdk8u\hotspot\src\share\vm\prims\jni.cpp, line 710]
Event: 5663.897 Thread 0x000000001f060800 Exception <a 'sun/nio/fs/WindowsException'> (0x00000000e88c77e0) thrown at [D:\src\AOSP-openjdk-cygwin\jdk8u\hotspot\src\share\vm\prims\jni.cpp, line 710]

Events (10 events):
Event: 5663.857 Thread 0x000000001f062000 DEOPT PACKING pc=0x0000000008f0020d sp=0x00000000528cbab0
Event: 5663.857 Thread 0x000000001f062000 DEOPT UNPACKING pc=0x0000000002fa75d0 sp=0x00000000528cb888 mode 0
Event: 5663.858 Thread 0x000000001f062000 DEOPT PACKING pc=0x0000000008ecd591 sp=0x00000000528cbc50
Event: 5663.858 Thread 0x000000001f062000 DEOPT UNPACKING pc=0x0000000002fa75d0 sp=0x00000000528cb9e0 mode 0
Event: 5663.922 Thread 0x000000001f067800 DEOPT PACKING pc=0x0000000008f0020d sp=0x0000000052bcb730
Event: 5663.922 Thread 0x000000001f067800 DEOPT UNPACKING pc=0x0000000002fa75d0 sp=0x0000000052bcb508 mode 0
Event: 5664.092 Executing VM operation: ForceSafepoint
Event: 5664.093 Executing VM operation: ForceSafepoint done
Event: 5664.112 Thread 0x000000001f062000 DEOPT PACKING pc=0x0000000008f0020d sp=0x00000000528cbab0
Event: 5664.112 Thread 0x000000001f062000 DEOPT UNPACKING pc=0x0000000002fa75d0 sp=0x00000000528cb888 mode 0


Dynamic libraries:
0x00007ff6713a0000 - 0x00007ff6713d1000 	D:\AndroidStudio\jre\bin\java.exe
0x00007ffee10b0000 - 0x00007ffee129d000 	C:\WINDOWS\SYSTEM32\ntdll.dll
0x00007ffee0c00000 - 0x00007ffee0cb3000 	C:\WINDOWS\System32\KERNEL32.DLL
0x00007ffedd7e0000 - 0x00007ffedda73000 	C:\WINDOWS\System32\KERNELBASE.dll
0x00007ffee0cc0000 - 0x00007ffee0d63000 	C:\WINDOWS\System32\ADVAPI32.dll
0x00007ffee0b00000 - 0x00007ffee0b9e000 	C:\WINDOWS\System32\msvcrt.dll
0x00007ffee0f80000 - 0x00007ffee101e000 	C:\WINDOWS\System32\sechost.dll
0x00007ffededd0000 - 0x00007ffedeef2000 	C:\WINDOWS\System32\RPCRT4.dll
0x00007ffedec30000 - 0x00007ffededc7000 	C:\WINDOWS\System32\USER32.dll
0x00007ffedd5c0000 - 0x00007ffedd5e0000 	C:\WINDOWS\System32\win32u.dll
0x00007ffee0a50000 - 0x00007ffee0a79000 	C:\WINDOWS\System32\GDI32.dll
0x00007ffedd420000 - 0x00007ffedd5b9000 	C:\WINDOWS\System32\gdi32full.dll
0x00007ffedd270000 - 0x00007ffedd310000 	C:\WINDOWS\System32\msvcp_win.dll
0x00007ffedda80000 - 0x00007ffeddb7a000 	C:\WINDOWS\System32\ucrtbase.dll
0x00007ffece1f0000 - 0x00007ffece469000 	C:\WINDOWS\WinSxS\amd64_microsoft.windows.common-controls_6595b64144ccf1df_6.0.17763.802_none_05b1445c0722d2cc\COMCTL32.dll
0x00007ffede390000 - 0x00007ffede6bc000 	C:\WINDOWS\System32\combase.dll
0x00007ffedd310000 - 0x00007ffedd38e000 	C:\WINDOWS\System32\bcryptPrimitives.dll
0x00007ffede2d0000 - 0x00007ffede2fe000 	C:\WINDOWS\System32\IMM32.DLL
0x0000000072a40000 - 0x0000000072b12000 	D:\AndroidStudio\jre\jre\bin\msvcr100.dll
0x0000000071320000 - 0x0000000071b66000 	D:\AndroidStudio\jre\jre\bin\server\jvm.dll
0x00007ffede6c0000 - 0x00007ffede6c8000 	C:\WINDOWS\System32\PSAPI.DLL
0x00007ffed9a40000 - 0x00007ffed9a64000 	C:\WINDOWS\SYSTEM32\WINMM.dll
0x00007ffec70f0000 - 0x00007ffec70f9000 	C:\WINDOWS\SYSTEM32\WSOCK32.dll
0x00007ffee0400000 - 0x00007ffee046d000 	C:\WINDOWS\System32\WS2_32.dll
0x00007ffed90c0000 - 0x00007ffed90ca000 	C:\WINDOWS\SYSTEM32\VERSION.dll
0x00007ffed9a10000 - 0x00007ffed9a3d000 	C:\WINDOWS\SYSTEM32\WINMMBASE.dll
0x00007ffedd220000 - 0x00007ffedd26a000 	C:\WINDOWS\System32\cfgmgr32.dll
0x00007ffed9a70000 - 0x00007ffed9a7f000 	D:\AndroidStudio\jre\jre\bin\verify.dll
0x00007ffed7400000 - 0x00007ffed7429000 	D:\AndroidStudio\jre\jre\bin\java.dll
0x00007ffed6940000 - 0x00007ffed6956000 	D:\AndroidStudio\jre\jre\bin\zip.dll
0x00007ffedef00000 - 0x00007ffee03f4000 	C:\WINDOWS\System32\SHELL32.dll
0x00007ffedeb20000 - 0x00007ffedebc8000 	C:\WINDOWS\System32\shcore.dll
0x00007ffeddb80000 - 0x00007ffede2cd000 	C:\WINDOWS\System32\windows.storage.dll
0x00007ffedd0c0000 - 0x00007ffedd0e4000 	C:\WINDOWS\System32\profapi.dll
0x00007ffedd0f0000 - 0x00007ffedd14d000 	C:\WINDOWS\System32\powrprof.dll
0x00007ffee0d80000 - 0x00007ffee0dd2000 	C:\WINDOWS\System32\shlwapi.dll
0x00007ffedd150000 - 0x00007ffedd161000 	C:\WINDOWS\System32\kernel.appcore.dll
0x00007ffedd7c0000 - 0x00007ffedd7d7000 	C:\WINDOWS\System32\cryptsp.dll
0x00007ffecb070000 - 0x00007ffecb08a000 	D:\AndroidStudio\jre\jre\bin\net.dll
0x00007ffedc910000 - 0x00007ffedc977000 	C:\WINDOWS\system32\mswsock.dll
0x00007ffecb050000 - 0x00007ffecb061000 	D:\AndroidStudio\jre\jre\bin\nio.dll
0x00007ffec1b10000 - 0x00007ffec1b36000 	C:\Users\jun\.gradle\native\29\windows-amd64\native-platform.dll
0x00007ffed9470000 - 0x00007ffed947d000 	D:\AndroidStudio\jre\jre\bin\management.dll
0x00007ffedc490000 - 0x00007ffedc4c3000 	C:\WINDOWS\system32\rsaenh.dll
0x00007ffedd390000 - 0x00007ffedd3b6000 	C:\WINDOWS\System32\bcrypt.dll
0x00007ffedcfd0000 - 0x00007ffedcff8000 	C:\WINDOWS\SYSTEM32\USERENV.dll
0x00007ffedcae0000 - 0x00007ffedcaec000 	C:\WINDOWS\SYSTEM32\CRYPTBASE.dll
0x00007ffedc630000 - 0x00007ffedc66d000 	C:\WINDOWS\SYSTEM32\IPHLPAPI.DLL
0x00007ffede380000 - 0x00007ffede388000 	C:\WINDOWS\System32\NSI.dll
0x00007ffed92a0000 - 0x00007ffed92b6000 	C:\WINDOWS\SYSTEM32\dhcpcsvc6.DLL
0x00007ffed7240000 - 0x00007ffed725c000 	C:\WINDOWS\SYSTEM32\dhcpcsvc.DLL
0x00007ffedc670000 - 0x00007ffedc736000 	C:\WINDOWS\SYSTEM32\DNSAPI.dll
0x00007ffea4870000 - 0x00007ffea4a0c000 	D:\AndroidStudio\jre\jre\bin\awt.dll
0x00007ffee0e90000 - 0x00007ffee0f54000 	C:\WINDOWS\System32\OLEAUT32.dll
0x00007ffedb950000 - 0x00007ffedb97e000 	C:\WINDOWS\SYSTEM32\dwmapi.dll
0x00007ffedd5e0000 - 0x00007ffedd7bb000 	C:\WINDOWS\System32\CRYPT32.dll
0x00007ffedd0a0000 - 0x00007ffedd0b2000 	C:\WINDOWS\System32\MSASN1.dll
0x00007ffeda620000 - 0x00007ffedabde000 	C:\WINDOWS\SYSTEM32\d2d1.dll
0x00007ffedb3e0000 - 0x00007ffedb46c000 	C:\WINDOWS\SYSTEM32\apphelp.dll
0x00007ffedb670000 - 0x00007ffedb70c000 	C:\WINDOWS\system32\uxtheme.dll
0x00007ffed9dd0000 - 0x00007ffed9dee000 	C:\Users\jun\AppData\Local\Temp\native-platform4897016643555562458dir\native-platform.dll
0x00007ffec3390000 - 0x00007ffec33b4000 	D:\AndroidStudio\jre\jre\bin\sunec.dll
0x00007ffed11a0000 - 0x00007ffed11aa000 	C:\Windows\System32\rasadhlp.dll
0x00007ffecf1e0000 - 0x00007ffecf259000 	C:\WINDOWS\System32\fwpuclnt.dll
0x00007ffed6920000 - 0x00007ffed692b000 	D:\AndroidStudio\jre\jre\bin\sunmscapi.dll
0x00007ffed9db0000 - 0x00007ffed9dce000 	C:\Users\jun\AppData\Local\Temp\native-platform6636179529416119780dir\native-platform.dll

VM Arguments:
jvm_args: -Xmx1536m -Dfile.encoding=x-windows-949 -Duser.country=KR -Duser.language=ko -Duser.variant 
java_command: org.gradle.launcher.daemon.bootstrap.GradleDaemon 5.4.1
java_class_path (initial): C:\Users\jun\.gradle\wrapper\dists\gradle-5.4.1-all\3221gyojl5jsh0helicew7rwx\gradle-5.4.1\lib\gradle-launcher-5.4.1.jar
Launcher Type: SUN_STANDARD

Environment Variables:
JAVA_HOME=D:\Program Files\Java\jdk-11.0.4
CLASSPATH=D:\Program Files\Java\jdk-11.0.4\lib
PATH=D:\Program Files\Java\jdk-11.0.4\bin;D:\WINDOWS.X64_180000_db_home\bin;c:\program files\intel\icls client\;c:\windows\system32;c:\windows;c:\windows\system32\wbem;c:\windows\system32\windowspowershell\v1.0\;c:\program files (x86)\intel\intel(r) management engine components\dal;c:\program files\intel\intel(r) management engine components\dal;c:\program files (x86)\intel\intel(r) management engine components\ipt;c:\program files\intel\intel(r) management engine components\ipt;c:\program files\intel\wifi\bin\;c:\program files\common files\intel\wirelesscommon\;C:\Program Files (x86)\NVIDIA Corporation\PhysX\Common;C:\WINDOWS\system32;C:\WINDOWS;C:\WINDOWS\System32\Wbem;C:\WINDOWS\System32\WindowsPowerShell\v1.0\;D:\재워ㅏㄴ\프언\putty\;C:\Program Files\dotnet\;C:\WINDOWS\System32\OpenSSH\;C:\Program Files\Common Files\Autodesk Shared\;%Android-SDK%\platform-tools;C:\Program Files\MySQL\MySQL Server 8.0\bin;C:\Program Files\Tesseract-OCR;D:\AndroidStudio\jre\bin;C:\Program Files\MySQL\MySQL Shell 8.0\bin\;D:\Program Files\Microsoft VS Code\bin
USERNAME=jun
OS=Windows_NT
PROCESSOR_IDENTIFIER=Intel64 Family 6 Model 158 Stepping 9, GenuineIntel



---------------  S Y S T E M  ---------------

OS: Windows 10.0 , 64 bit Build 17763 (10.0.17763.475)

CPU:total 8 (initial active 8) (4 cores per cpu, 2 threads per core) family 6 model 158 stepping 9, cmov, cx8, fxsr, mmx, sse, sse2, sse3, ssse3, sse4.1, sse4.2, popcnt, avx, avx2, aes, clmul, erms, 3dnowpref, lzcnt, ht, tsc, tscinvbit, bmi1, bmi2, adx

Memory: 4k page, physical 8267116k(574684k free), swap 12461420k(1824k free)

vm_info: OpenJDK 64-Bit Server VM (25.202-b03) for windows-amd64 JRE (1.8.0_202-release-1483-b03), built by "builder" with MS VC++ 10.0 (VS2010)

time: Wed Nov 13 20:59:15 2019
timezone: 대한민국 표준시
elapsed time: 5664 seconds (0d 1h 34m 24s)

